<?xml version="1.0" encoding="UTF-8"?>
<!-- Generated by org.testng.reporters.JUnitReportReporter -->
<testsuite hostname="shashis-MBP" failures="0" tests="1" name="Shashi.ExtentReports.initialDemo" time="5.225" errors="0" timestamp="2024-02-07T14:09:19 GMT" skipped="0">
  <testcase classname="Shashi.ExtentReports.initialDemo" name="initialDemo" time="5.225"/>
  <system-out/>
</testsuite> <!-- Shashi.ExtentReports.initialDemo -->
